记录时间:2015-04-21 10:26:05,382 线程ID:[8](文件：e:\FS-SMISCloud\codes\WebClient\SecureCloud\Proxy.ashx.cs 行号132) 出错类：Proxy [(null)] - 错误描述 webExcpetion
System.Net.WebException: 无法连接到远程服务器 ---> System.Net.Sockets.SocketException: 由于目标计算机积极拒绝，无法连接。 127.0.0.1:6411
   在 System.Net.Sockets.Socket.DoConnect(EndPoint endPointSnapshot, SocketAddress socketAddress)
   在 System.Net.ServicePoint.ConnectSocketInternal(Boolean connectFailure, Socket s4, Socket s6, Socket& socket, IPAddress& address, ConnectSocketState state, IAsyncResult asyncResult, Exception& exception)
   --- 内部异常堆栈跟踪的结尾 ---
   在 System.Net.HttpWebRequest.GetResponse()
   在 ProxyDemo.Proxy.ProcessRequest(HttpContext context) 位置 e:\FS-SMISCloud\codes\WebClient\SecureCloud\Proxy.ashx.cs:行号 94
记录时间:2015-04-21 10:29:17,036 线程ID:[8](文件：e:\FS-SMISCloud\codes\WebClient\SecureCloud\Proxy.ashx.cs 行号132) 出错类：Proxy [(null)] - 错误描述 webExcpetion
System.Net.WebException: 无法连接到远程服务器 ---> System.Net.Sockets.SocketException: 由于目标计算机积极拒绝，无法连接。 192.168.1.31:8003
   在 System.Net.Sockets.Socket.DoConnect(EndPoint endPointSnapshot, SocketAddress socketAddress)
   在 System.Net.ServicePoint.ConnectSocketInternal(Boolean connectFailure, Socket s4, Socket s6, Socket& socket, IPAddress& address, ConnectSocketState state, IAsyncResult asyncResult, Exception& exception)
   --- 内部异常堆栈跟踪的结尾 ---
   在 System.Net.HttpWebRequest.GetResponse()
   在 ProxyDemo.Proxy.ProcessRequest(HttpContext context) 位置 e:\FS-SMISCloud\codes\WebClient\SecureCloud\Proxy.ashx.cs:行号 94
记录时间:2015-04-21 10:29:22,836 线程ID:[13](文件：e:\FS-SMISCloud\codes\WebClient\SecureCloud\Proxy.ashx.cs 行号132) 出错类：Proxy [(null)] - 错误描述 webExcpetion
System.Net.WebException: 无法连接到远程服务器 ---> System.Net.Sockets.SocketException: 由于目标计算机积极拒绝，无法连接。 192.168.1.31:8003
   在 System.Net.Sockets.Socket.DoConnect(EndPoint endPointSnapshot, SocketAddress socketAddress)
   在 System.Net.ServicePoint.ConnectSocketInternal(Boolean connectFailure, Socket s4, Socket s6, Socket& socket, IPAddress& address, ConnectSocketState state, IAsyncResult asyncResult, Exception& exception)
   --- 内部异常堆栈跟踪的结尾 ---
   在 System.Net.HttpWebRequest.GetResponse()
   在 ProxyDemo.Proxy.ProcessRequest(HttpContext context) 位置 e:\FS-SMISCloud\codes\WebClient\SecureCloud\Proxy.ashx.cs:行号 94
记录时间:2015-04-21 10:30:10,980 线程ID:[9](文件：e:\FS-SMISCloud\codes\WebClient\SecureCloud\Proxy.ashx.cs 行号132) 出错类：Proxy [(null)] - 错误描述 webExcpetion
System.Net.WebException: 无法连接到远程服务器 ---> System.Net.Sockets.SocketException: 由于目标计算机积极拒绝，无法连接。 192.168.1.31:8003
   在 System.Net.Sockets.Socket.DoConnect(EndPoint endPointSnapshot, SocketAddress socketAddress)
   在 System.Net.ServicePoint.ConnectSocketInternal(Boolean connectFailure, Socket s4, Socket s6, Socket& socket, IPAddress& address, ConnectSocketState state, IAsyncResult asyncResult, Exception& exception)
   --- 内部异常堆栈跟踪的结尾 ---
   在 System.Net.HttpWebRequest.GetResponse()
   在 ProxyDemo.Proxy.ProcessRequest(HttpContext context) 位置 e:\FS-SMISCloud\codes\WebClient\SecureCloud\Proxy.ashx.cs:行号 94
记录时间:2015-04-21 10:31:32,267 线程ID:[5](文件：e:\FS-SMISCloud\codes\WebClient\SecureCloud\Proxy.ashx.cs 行号132) 出错类：Proxy [(null)] - 错误描述 webExcpetion
System.Net.WebException: 无法连接到远程服务器 ---> System.Net.Sockets.SocketException: 由于目标计算机积极拒绝，无法连接。 192.168.1.31:8003
   在 System.Net.Sockets.Socket.DoConnect(EndPoint endPointSnapshot, SocketAddress socketAddress)
   在 System.Net.ServicePoint.ConnectSocketInternal(Boolean connectFailure, Socket s4, Socket s6, Socket& socket, IPAddress& address, ConnectSocketState state, IAsyncResult asyncResult, Exception& exception)
   --- 内部异常堆栈跟踪的结尾 ---
   在 System.Net.HttpWebRequest.GetResponse()
   在 ProxyDemo.Proxy.ProcessRequest(HttpContext context) 位置 e:\FS-SMISCloud\codes\WebClient\SecureCloud\Proxy.ashx.cs:行号 94
记录时间:2015-04-21 10:31:49,319 线程ID:[8](文件：e:\FS-SMISCloud\codes\WebClient\SecureCloud\Proxy.ashx.cs 行号132) 出错类：Proxy [(null)] - 错误描述 webExcpetion
System.Net.WebException: 无法连接到远程服务器 ---> System.Net.Sockets.SocketException: 由于目标计算机积极拒绝，无法连接。 192.168.1.31:8003
   在 System.Net.Sockets.Socket.DoConnect(EndPoint endPointSnapshot, SocketAddress socketAddress)
   在 System.Net.ServicePoint.ConnectSocketInternal(Boolean connectFailure, Socket s4, Socket s6, Socket& socket, IPAddress& address, ConnectSocketState state, IAsyncResult asyncResult, Exception& exception)
   --- 内部异常堆栈跟踪的结尾 ---
   在 System.Net.HttpWebRequest.GetResponse()
   在 ProxyDemo.Proxy.ProcessRequest(HttpContext context) 位置 e:\FS-SMISCloud\codes\WebClient\SecureCloud\Proxy.ashx.cs:行号 94
记录时间:2015-04-21 10:31:52,856 线程ID:[5](文件：e:\FS-SMISCloud\codes\WebClient\SecureCloud\Proxy.ashx.cs 行号132) 出错类：Proxy [(null)] - 错误描述 webExcpetion
System.Net.WebException: 无法连接到远程服务器 ---> System.Net.Sockets.SocketException: 由于目标计算机积极拒绝，无法连接。 192.168.1.31:8003
   在 System.Net.Sockets.Socket.DoConnect(EndPoint endPointSnapshot, SocketAddress socketAddress)
   在 System.Net.ServicePoint.ConnectSocketInternal(Boolean connectFailure, Socket s4, Socket s6, Socket& socket, IPAddress& address, ConnectSocketState state, IAsyncResult asyncResult, Exception& exception)
   --- 内部异常堆栈跟踪的结尾 ---
   在 System.Net.HttpWebRequest.GetResponse()
   在 ProxyDemo.Proxy.ProcessRequest(HttpContext context) 位置 e:\FS-SMISCloud\codes\WebClient\SecureCloud\Proxy.ashx.cs:行号 94
记录时间:2015-04-21 10:32:52,055 线程ID:[9](文件：e:\FS-SMISCloud\codes\WebClient\SecureCloud\Proxy.ashx.cs 行号132) 出错类：Proxy [(null)] - 错误描述 webExcpetion
System.Net.WebException: 无法连接到远程服务器 ---> System.Net.Sockets.SocketException: 由于目标计算机积极拒绝，无法连接。 192.168.1.31:8003
   在 System.Net.Sockets.Socket.DoConnect(EndPoint endPointSnapshot, SocketAddress socketAddress)
   在 System.Net.ServicePoint.ConnectSocketInternal(Boolean connectFailure, Socket s4, Socket s6, Socket& socket, IPAddress& address, ConnectSocketState state, IAsyncResult asyncResult, Exception& exception)
   --- 内部异常堆栈跟踪的结尾 ---
   在 System.Net.HttpWebRequest.GetResponse()
   在 ProxyDemo.Proxy.ProcessRequest(HttpContext context) 位置 e:\FS-SMISCloud\codes\WebClient\SecureCloud\Proxy.ashx.cs:行号 94
记录时间:2015-04-21 10:49:14,290 线程ID:[14](文件：e:\FS-SMISCloud\codes\WebClient\SecureCloud\Proxy.ashx.cs 行号132) 出错类：Proxy [(null)] - 错误描述 webExcpetion
System.Net.WebException: 远程服务器返回错误: (500) 内部服务器错误。
   在 System.Net.HttpWebRequest.GetResponse()
   在 ProxyDemo.Proxy.ProcessRequest(HttpContext context) 位置 e:\FS-SMISCloud\codes\WebClient\SecureCloud\Proxy.ashx.cs:行号 94
记录时间:2015-04-21 10:50:32,331 线程ID:[9](文件：e:\FS-SMISCloud\codes\WebClient\SecureCloud\Proxy.ashx.cs 行号132) 出错类：Proxy [(null)] - 错误描述 webExcpetion
System.Net.WebException: 远程服务器返回错误: (500) 内部服务器错误。
   在 System.Net.HttpWebRequest.GetResponse()
   在 ProxyDemo.Proxy.ProcessRequest(HttpContext context) 位置 e:\FS-SMISCloud\codes\WebClient\SecureCloud\Proxy.ashx.cs:行号 94
记录时间:2015-04-21 10:54:47,716 线程ID:[20](文件：e:\FS-SMISCloud\codes\WebClient\SecureCloud\Proxy.ashx.cs 行号132) 出错类：Proxy [(null)] - 错误描述 webExcpetion
System.Net.WebException: 远程服务器返回错误: (500) 内部服务器错误。
   在 System.Net.HttpWebRequest.GetResponse()
   在 ProxyDemo.Proxy.ProcessRequest(HttpContext context) 位置 e:\FS-SMISCloud\codes\WebClient\SecureCloud\Proxy.ashx.cs:行号 94
记录时间:2015-04-21 11:04:25,988 线程ID:[49](文件：e:\FS-SMISCloud\codes\WebClient\SecureCloud\Proxy.ashx.cs 行号132) 出错类：Proxy [(null)] - 错误描述 webExcpetion
System.Net.WebException: 远程服务器返回错误: (500) 内部服务器错误。
   在 System.Net.HttpWebRequest.GetResponse()
   在 ProxyDemo.Proxy.ProcessRequest(HttpContext context) 位置 e:\FS-SMISCloud\codes\WebClient\SecureCloud\Proxy.ashx.cs:行号 94
记录时间:2015-04-21 11:07:34,667 线程ID:[53](文件：e:\FS-SMISCloud\codes\WebClient\SecureCloud\Proxy.ashx.cs 行号132) 出错类：Proxy [(null)] - 错误描述 webExcpetion
System.Net.WebException: 远程服务器返回错误: (500) 内部服务器错误。
   在 System.Net.HttpWebRequest.GetResponse()
   在 ProxyDemo.Proxy.ProcessRequest(HttpContext context) 位置 e:\FS-SMISCloud\codes\WebClient\SecureCloud\Proxy.ashx.cs:行号 94
记录时间:2015-04-21 11:10:38,240 线程ID:[51](文件：e:\FS-SMISCloud\codes\WebClient\SecureCloud\Proxy.ashx.cs 行号132) 出错类：Proxy [(null)] - 错误描述 webExcpetion
System.Net.WebException: 远程服务器返回错误: (500) 内部服务器错误。
   在 System.Net.HttpWebRequest.GetResponse()
   在 ProxyDemo.Proxy.ProcessRequest(HttpContext context) 位置 e:\FS-SMISCloud\codes\WebClient\SecureCloud\Proxy.ashx.cs:行号 94
记录时间:2015-04-21 11:10:49,378 线程ID:[51](文件：e:\FS-SMISCloud\codes\WebClient\SecureCloud\Proxy.ashx.cs 行号132) 出错类：Proxy [(null)] - 错误描述 webExcpetion
System.Net.WebException: 远程服务器返回错误: (500) 内部服务器错误。
   在 System.Net.HttpWebRequest.GetResponse()
   在 ProxyDemo.Proxy.ProcessRequest(HttpContext context) 位置 e:\FS-SMISCloud\codes\WebClient\SecureCloud\Proxy.ashx.cs:行号 94
记录时间:2015-04-21 11:10:53,645 线程ID:[51](文件：e:\FS-SMISCloud\codes\WebClient\SecureCloud\Proxy.ashx.cs 行号132) 出错类：Proxy [(null)] - 错误描述 webExcpetion
System.Net.WebException: 远程服务器返回错误: (500) 内部服务器错误。
   在 System.Net.HttpWebRequest.GetResponse()
   在 ProxyDemo.Proxy.ProcessRequest(HttpContext context) 位置 e:\FS-SMISCloud\codes\WebClient\SecureCloud\Proxy.ashx.cs:行号 94
记录时间:2015-04-21 11:11:07,437 线程ID:[52](文件：e:\FS-SMISCloud\codes\WebClient\SecureCloud\Proxy.ashx.cs 行号132) 出错类：Proxy [(null)] - 错误描述 webExcpetion
System.Net.WebException: 远程服务器返回错误: (500) 内部服务器错误。
   在 System.Net.HttpWebRequest.GetResponse()
   在 ProxyDemo.Proxy.ProcessRequest(HttpContext context) 位置 e:\FS-SMISCloud\codes\WebClient\SecureCloud\Proxy.ashx.cs:行号 94
记录时间:2015-04-21 11:20:47,574 线程ID:[46](文件：e:\FS-SMISCloud\codes\WebClient\SecureCloud\Proxy.ashx.cs 行号132) 出错类：Proxy [(null)] - 错误描述 webExcpetion
System.Net.WebException: 远程服务器返回错误: (500) 内部服务器错误。
   在 System.Net.HttpWebRequest.GetResponse()
   在 ProxyDemo.Proxy.ProcessRequest(HttpContext context) 位置 e:\FS-SMISCloud\codes\WebClient\SecureCloud\Proxy.ashx.cs:行号 94
记录时间:2015-04-21 11:38:08,698 线程ID:[31](文件：e:\FS-SMISCloud\codes\WebClient\SecureCloud\Proxy.ashx.cs 行号132) 出错类：Proxy [(null)] - 错误描述 webExcpetion
System.Net.WebException: 远程服务器返回错误: (500) 内部服务器错误。
   在 System.Net.HttpWebRequest.GetResponse()
   在 ProxyDemo.Proxy.ProcessRequest(HttpContext context) 位置 e:\FS-SMISCloud\codes\WebClient\SecureCloud\Proxy.ashx.cs:行号 94
记录时间:2015-04-21 11:42:36,817 线程ID:[19](文件：e:\FS-SMISCloud\codes\WebClient\SecureCloud\Proxy.ashx.cs 行号132) 出错类：Proxy [(null)] - 错误描述 webExcpetion
System.Net.WebException: 远程服务器返回错误: (500) 内部服务器错误。
   在 System.Net.HttpWebRequest.GetResponse()
   在 ProxyDemo.Proxy.ProcessRequest(HttpContext context) 位置 e:\FS-SMISCloud\codes\WebClient\SecureCloud\Proxy.ashx.cs:行号 94
记录时间:2015-04-21 11:46:50,227 线程ID:[7](文件：e:\FS-SMISCloud\codes\WebClient\SecureCloud\Proxy.ashx.cs 行号132) 出错类：Proxy [(null)] - 错误描述 webExcpetion
System.Net.WebException: 远程服务器返回错误: (500) 内部服务器错误。
   在 System.Net.HttpWebRequest.GetResponse()
   在 ProxyDemo.Proxy.ProcessRequest(HttpContext context) 位置 e:\FS-SMISCloud\codes\WebClient\SecureCloud\Proxy.ashx.cs:行号 94
记录时间:2015-04-21 12:54:02,120 线程ID:[34](文件：e:\FS-SMISCloud\codes\WebClient\SecureCloud\Proxy.ashx.cs 行号132) 出错类：Proxy [(null)] - 错误描述 webExcpetion
System.Net.WebException: 远程服务器返回错误: (403) 已禁止。
   在 System.Net.HttpWebRequest.GetResponse()
   在 ProxyDemo.Proxy.ProcessRequest(HttpContext context) 位置 e:\FS-SMISCloud\codes\WebClient\SecureCloud\Proxy.ashx.cs:行号 94
记录时间:2015-04-21 12:54:45,118 线程ID:[35](文件：e:\FS-SMISCloud\codes\WebClient\SecureCloud\Proxy.ashx.cs 行号132) 出错类：Proxy [(null)] - 错误描述 webExcpetion
System.Net.WebException: 远程服务器返回错误: (500) 内部服务器错误。
   在 System.Net.HttpWebRequest.GetResponse()
   在 ProxyDemo.Proxy.ProcessRequest(HttpContext context) 位置 e:\FS-SMISCloud\codes\WebClient\SecureCloud\Proxy.ashx.cs:行号 94
记录时间:2015-04-21 12:55:22,803 线程ID:[39](文件：e:\FS-SMISCloud\codes\WebClient\SecureCloud\Proxy.ashx.cs 行号132) 出错类：Proxy [(null)] - 错误描述 webExcpetion
System.Net.WebException: 远程服务器返回错误: (500) 内部服务器错误。
   在 System.Net.HttpWebRequest.GetResponse()
   在 ProxyDemo.Proxy.ProcessRequest(HttpContext context) 位置 e:\FS-SMISCloud\codes\WebClient\SecureCloud\Proxy.ashx.cs:行号 94
记录时间:2015-04-21 12:55:58,186 线程ID:[35](文件：e:\FS-SMISCloud\codes\WebClient\SecureCloud\Proxy.ashx.cs 行号132) 出错类：Proxy [(null)] - 错误描述 webExcpetion
System.Net.WebException: 远程服务器返回错误: (500) 内部服务器错误。
   在 System.Net.HttpWebRequest.GetResponse()
   在 ProxyDemo.Proxy.ProcessRequest(HttpContext context) 位置 e:\FS-SMISCloud\codes\WebClient\SecureCloud\Proxy.ashx.cs:行号 94
记录时间:2015-04-21 12:57:56,463 线程ID:[29](文件：e:\FS-SMISCloud\codes\WebClient\SecureCloud\Proxy.ashx.cs 行号132) 出错类：Proxy [(null)] - 错误描述 webExcpetion
System.Net.WebException: 远程服务器返回错误: (500) 内部服务器错误。
   在 System.Net.HttpWebRequest.GetResponse()
   在 ProxyDemo.Proxy.ProcessRequest(HttpContext context) 位置 e:\FS-SMISCloud\codes\WebClient\SecureCloud\Proxy.ashx.cs:行号 94
记录时间:2015-04-21 12:58:05,487 线程ID:[34](文件：e:\FS-SMISCloud\codes\WebClient\SecureCloud\Proxy.ashx.cs 行号132) 出错类：Proxy [(null)] - 错误描述 webExcpetion
System.Net.WebException: 远程服务器返回错误: (500) 内部服务器错误。
   在 System.Net.HttpWebRequest.GetResponse()
   在 ProxyDemo.Proxy.ProcessRequest(HttpContext context) 位置 e:\FS-SMISCloud\codes\WebClient\SecureCloud\Proxy.ashx.cs:行号 94
记录时间:2015-04-21 12:59:57,785 线程ID:[32](文件：e:\FS-SMISCloud\codes\WebClient\SecureCloud\Proxy.ashx.cs 行号132) 出错类：Proxy [(null)] - 错误描述 webExcpetion
System.Net.WebException: 远程服务器返回错误: (500) 内部服务器错误。
   在 System.Net.HttpWebRequest.GetResponse()
   在 ProxyDemo.Proxy.ProcessRequest(HttpContext context) 位置 e:\FS-SMISCloud\codes\WebClient\SecureCloud\Proxy.ashx.cs:行号 94
记录时间:2015-04-21 13:12:32,154 线程ID:[5](文件：e:\FS-SMISCloud\codes\WebClient\SecureCloud\Proxy.ashx.cs 行号132) 出错类：Proxy [(null)] - 错误描述 webExcpetion
System.Net.WebException: 远程服务器返回错误: (500) 内部服务器错误。
   在 System.Net.HttpWebRequest.GetResponse()
   在 ProxyDemo.Proxy.ProcessRequest(HttpContext context) 位置 e:\FS-SMISCloud\codes\WebClient\SecureCloud\Proxy.ashx.cs:行号 94
记录时间:2015-04-21 13:14:23,301 线程ID:[7](文件：e:\FS-SMISCloud\codes\WebClient\SecureCloud\Proxy.ashx.cs 行号132) 出错类：Proxy [(null)] - 错误描述 webExcpetion
System.Net.WebException: 远程服务器返回错误: (500) 内部服务器错误。
   在 System.Net.HttpWebRequest.GetResponse()
   在 ProxyDemo.Proxy.ProcessRequest(HttpContext context) 位置 e:\FS-SMISCloud\codes\WebClient\SecureCloud\Proxy.ashx.cs:行号 94
记录时间:2015-04-21 13:15:47,228 线程ID:[18](文件：e:\FS-SMISCloud\codes\WebClient\SecureCloud\Proxy.ashx.cs 行号132) 出错类：Proxy [(null)] - 错误描述 webExcpetion
System.Net.WebException: 远程服务器返回错误: (500) 内部服务器错误。
   在 System.Net.HttpWebRequest.GetResponse()
   在 ProxyDemo.Proxy.ProcessRequest(HttpContext context) 位置 e:\FS-SMISCloud\codes\WebClient\SecureCloud\Proxy.ashx.cs:行号 94
记录时间:2015-04-21 13:17:17,997 线程ID:[19](文件：e:\FS-SMISCloud\codes\WebClient\SecureCloud\Proxy.ashx.cs 行号132) 出错类：Proxy [(null)] - 错误描述 webExcpetion
System.Net.WebException: 远程服务器返回错误: (500) 内部服务器错误。
   在 System.Net.HttpWebRequest.GetResponse()
   在 ProxyDemo.Proxy.ProcessRequest(HttpContext context) 位置 e:\FS-SMISCloud\codes\WebClient\SecureCloud\Proxy.ashx.cs:行号 94
记录时间:2015-04-21 13:18:46,171 线程ID:[5](文件：e:\FS-SMISCloud\codes\WebClient\SecureCloud\Proxy.ashx.cs 行号132) 出错类：Proxy [(null)] - 错误描述 webExcpetion
System.Net.WebException: 远程服务器返回错误: (500) 内部服务器错误。
   在 System.Net.HttpWebRequest.GetResponse()
   在 ProxyDemo.Proxy.ProcessRequest(HttpContext context) 位置 e:\FS-SMISCloud\codes\WebClient\SecureCloud\Proxy.ashx.cs:行号 94
记录时间:2015-04-21 13:19:56,941 线程ID:[18](文件：e:\FS-SMISCloud\codes\WebClient\SecureCloud\Proxy.ashx.cs 行号132) 出错类：Proxy [(null)] - 错误描述 webExcpetion
System.Net.WebException: 远程服务器返回错误: (500) 内部服务器错误。
   在 System.Net.HttpWebRequest.GetResponse()
   在 ProxyDemo.Proxy.ProcessRequest(HttpContext context) 位置 e:\FS-SMISCloud\codes\WebClient\SecureCloud\Proxy.ashx.cs:行号 94
记录时间:2015-04-21 13:20:25,723 线程ID:[15](文件：e:\FS-SMISCloud\codes\WebClient\SecureCloud\Proxy.ashx.cs 行号132) 出错类：Proxy [(null)] - 错误描述 webExcpetion
System.Net.WebException: 远程服务器返回错误: (500) 内部服务器错误。
   在 System.Net.HttpWebRequest.GetResponse()
   在 ProxyDemo.Proxy.ProcessRequest(HttpContext context) 位置 e:\FS-SMISCloud\codes\WebClient\SecureCloud\Proxy.ashx.cs:行号 94
记录时间:2015-04-21 13:25:11,237 线程ID:[15](文件：e:\FS-SMISCloud\codes\WebClient\SecureCloud\Proxy.ashx.cs 行号132) 出错类：Proxy [(null)] - 错误描述 webExcpetion
System.Net.WebException: 远程服务器返回错误: (500) 内部服务器错误。
   在 System.Net.HttpWebRequest.GetResponse()
   在 ProxyDemo.Proxy.ProcessRequest(HttpContext context) 位置 e:\FS-SMISCloud\codes\WebClient\SecureCloud\Proxy.ashx.cs:行号 94
记录时间:2015-04-21 13:26:36,926 线程ID:[23](文件：e:\FS-SMISCloud\codes\WebClient\SecureCloud\Proxy.ashx.cs 行号132) 出错类：Proxy [(null)] - 错误描述 webExcpetion
System.Net.WebException: 远程服务器返回错误: (500) 内部服务器错误。
   在 System.Net.HttpWebRequest.GetResponse()
   在 ProxyDemo.Proxy.ProcessRequest(HttpContext context) 位置 e:\FS-SMISCloud\codes\WebClient\SecureCloud\Proxy.ashx.cs:行号 94
记录时间:2015-04-21 13:26:40,201 线程ID:[19](文件：e:\FS-SMISCloud\codes\WebClient\SecureCloud\Proxy.ashx.cs 行号132) 出错类：Proxy [(null)] - 错误描述 webExcpetion
System.Net.WebException: 远程服务器返回错误: (500) 内部服务器错误。
   在 System.Net.HttpWebRequest.GetResponse()
   在 ProxyDemo.Proxy.ProcessRequest(HttpContext context) 位置 e:\FS-SMISCloud\codes\WebClient\SecureCloud\Proxy.ashx.cs:行号 94
记录时间:2015-04-21 13:29:18,522 线程ID:[5](文件：e:\FS-SMISCloud\codes\WebClient\SecureCloud\Proxy.ashx.cs 行号132) 出错类：Proxy [(null)] - 错误描述 webExcpetion
System.Net.WebException: 远程服务器返回错误: (500) 内部服务器错误。
   在 System.Net.HttpWebRequest.GetResponse()
   在 ProxyDemo.Proxy.ProcessRequest(HttpContext context) 位置 e:\FS-SMISCloud\codes\WebClient\SecureCloud\Proxy.ashx.cs:行号 94
记录时间:2015-04-21 13:30:46,902 线程ID:[15](文件：e:\FS-SMISCloud\codes\WebClient\SecureCloud\Proxy.ashx.cs 行号132) 出错类：Proxy [(null)] - 错误描述 webExcpetion
System.Net.WebException: 远程服务器返回错误: (500) 内部服务器错误。
   在 System.Net.HttpWebRequest.GetResponse()
   在 ProxyDemo.Proxy.ProcessRequest(HttpContext context) 位置 e:\FS-SMISCloud\codes\WebClient\SecureCloud\Proxy.ashx.cs:行号 94
记录时间:2015-04-21 13:31:12,510 线程ID:[19](文件：e:\FS-SMISCloud\codes\WebClient\SecureCloud\Proxy.ashx.cs 行号132) 出错类：Proxy [(null)] - 错误描述 webExcpetion
System.Net.WebException: 远程服务器返回错误: (500) 内部服务器错误。
   在 System.Net.HttpWebRequest.GetResponse()
   在 ProxyDemo.Proxy.ProcessRequest(HttpContext context) 位置 e:\FS-SMISCloud\codes\WebClient\SecureCloud\Proxy.ashx.cs:行号 94
记录时间:2015-04-21 13:39:09,944 线程ID:[18](文件：e:\FS-SMISCloud\codes\WebClient\SecureCloud\Proxy.ashx.cs 行号132) 出错类：Proxy [(null)] - 错误描述 webExcpetion
System.Net.WebException: 远程服务器返回错误: (500) 内部服务器错误。
   在 System.Net.HttpWebRequest.GetResponse()
   在 ProxyDemo.Proxy.ProcessRequest(HttpContext context) 位置 e:\FS-SMISCloud\codes\WebClient\SecureCloud\Proxy.ashx.cs:行号 94
记录时间:2015-04-21 13:44:31,734 线程ID:[18](文件：e:\FS-SMISCloud\codes\WebClient\SecureCloud\Proxy.ashx.cs 行号132) 出错类：Proxy [(null)] - 错误描述 webExcpetion
System.Net.WebException: 远程服务器返回错误: (500) 内部服务器错误。
   在 System.Net.HttpWebRequest.GetResponse()
   在 ProxyDemo.Proxy.ProcessRequest(HttpContext context) 位置 e:\FS-SMISCloud\codes\WebClient\SecureCloud\Proxy.ashx.cs:行号 94
记录时间:2015-04-21 13:53:16,927 线程ID:[18](文件：e:\FS-SMISCloud\codes\WebClient\SecureCloud\Proxy.ashx.cs 行号132) 出错类：Proxy [(null)] - 错误描述 webExcpetion
System.Net.WebException: 远程服务器返回错误: (403) 已禁止。
   在 System.Net.HttpWebRequest.GetResponse()
   在 ProxyDemo.Proxy.ProcessRequest(HttpContext context) 位置 e:\FS-SMISCloud\codes\WebClient\SecureCloud\Proxy.ashx.cs:行号 94
记录时间:2015-04-21 13:53:56,594 线程ID:[21](文件：e:\FS-SMISCloud\codes\WebClient\SecureCloud\Proxy.ashx.cs 行号132) 出错类：Proxy [(null)] - 错误描述 webExcpetion
System.Net.WebException: 远程服务器返回错误: (500) 内部服务器错误。
   在 System.Net.HttpWebRequest.GetResponse()
   在 ProxyDemo.Proxy.ProcessRequest(HttpContext context) 位置 e:\FS-SMISCloud\codes\WebClient\SecureCloud\Proxy.ashx.cs:行号 94
记录时间:2015-04-21 13:56:20,039 线程ID:[21](文件：e:\FS-SMISCloud\codes\WebClient\SecureCloud\Proxy.ashx.cs 行号132) 出错类：Proxy [(null)] - 错误描述 webExcpetion
System.Net.WebException: 远程服务器返回错误: (500) 内部服务器错误。
   在 System.Net.HttpWebRequest.GetResponse()
   在 ProxyDemo.Proxy.ProcessRequest(HttpContext context) 位置 e:\FS-SMISCloud\codes\WebClient\SecureCloud\Proxy.ashx.cs:行号 94
记录时间:2015-04-21 13:58:33,528 线程ID:[5](文件：e:\FS-SMISCloud\codes\WebClient\SecureCloud\Proxy.ashx.cs 行号132) 出错类：Proxy [(null)] - 错误描述 webExcpetion
System.Net.WebException: 远程服务器返回错误: (500) 内部服务器错误。
   在 System.Net.HttpWebRequest.GetResponse()
   在 ProxyDemo.Proxy.ProcessRequest(HttpContext context) 位置 e:\FS-SMISCloud\codes\WebClient\SecureCloud\Proxy.ashx.cs:行号 94
记录时间:2015-04-21 13:59:41,788 线程ID:[21](文件：e:\FS-SMISCloud\codes\WebClient\SecureCloud\Proxy.ashx.cs 行号132) 出错类：Proxy [(null)] - 错误描述 webExcpetion
System.Net.WebException: 远程服务器返回错误: (500) 内部服务器错误。
   在 System.Net.HttpWebRequest.GetResponse()
   在 ProxyDemo.Proxy.ProcessRequest(HttpContext context) 位置 e:\FS-SMISCloud\codes\WebClient\SecureCloud\Proxy.ashx.cs:行号 94
记录时间:2015-04-21 14:01:28,279 线程ID:[19](文件：e:\FS-SMISCloud\codes\WebClient\SecureCloud\Proxy.ashx.cs 行号132) 出错类：Proxy [(null)] - 错误描述 webExcpetion
System.Net.WebException: 远程服务器返回错误: (500) 内部服务器错误。
   在 System.Net.HttpWebRequest.GetResponse()
   在 ProxyDemo.Proxy.ProcessRequest(HttpContext context) 位置 e:\FS-SMISCloud\codes\WebClient\SecureCloud\Proxy.ashx.cs:行号 94
记录时间:2015-04-21 14:03:13,484 线程ID:[15](文件：e:\FS-SMISCloud\codes\WebClient\SecureCloud\Proxy.ashx.cs 行号132) 出错类：Proxy [(null)] - 错误描述 webExcpetion
System.Net.WebException: 远程服务器返回错误: (500) 内部服务器错误。
   在 System.Net.HttpWebRequest.GetResponse()
   在 ProxyDemo.Proxy.ProcessRequest(HttpContext context) 位置 e:\FS-SMISCloud\codes\WebClient\SecureCloud\Proxy.ashx.cs:行号 94
记录时间:2015-04-21 14:04:08,493 线程ID:[15](文件：e:\FS-SMISCloud\codes\WebClient\SecureCloud\Proxy.ashx.cs 行号132) 出错类：Proxy [(null)] - 错误描述 webExcpetion
System.Net.WebException: 远程服务器返回错误: (500) 内部服务器错误。
   在 System.Net.HttpWebRequest.GetResponse()
   在 ProxyDemo.Proxy.ProcessRequest(HttpContext context) 位置 e:\FS-SMISCloud\codes\WebClient\SecureCloud\Proxy.ashx.cs:行号 94
记录时间:2015-04-21 14:06:37,751 线程ID:[26](文件：e:\FS-SMISCloud\codes\WebClient\SecureCloud\Proxy.ashx.cs 行号132) 出错类：Proxy [(null)] - 错误描述 webExcpetion
System.Net.WebException: 远程服务器返回错误: (500) 内部服务器错误。
   在 System.Net.HttpWebRequest.GetResponse()
   在 ProxyDemo.Proxy.ProcessRequest(HttpContext context) 位置 e:\FS-SMISCloud\codes\WebClient\SecureCloud\Proxy.ashx.cs:行号 94
记录时间:2015-04-21 14:08:51,285 线程ID:[26](文件：e:\FS-SMISCloud\codes\WebClient\SecureCloud\Proxy.ashx.cs 行号132) 出错类：Proxy [(null)] - 错误描述 webExcpetion
System.Net.WebException: 远程服务器返回错误: (500) 内部服务器错误。
   在 System.Net.HttpWebRequest.GetResponse()
   在 ProxyDemo.Proxy.ProcessRequest(HttpContext context) 位置 e:\FS-SMISCloud\codes\WebClient\SecureCloud\Proxy.ashx.cs:行号 94
记录时间:2015-04-21 14:09:15,482 线程ID:[15](文件：e:\FS-SMISCloud\codes\WebClient\SecureCloud\Proxy.ashx.cs 行号132) 出错类：Proxy [(null)] - 错误描述 webExcpetion
System.Net.WebException: 远程服务器返回错误: (500) 内部服务器错误。
   在 System.Net.HttpWebRequest.GetResponse()
   在 ProxyDemo.Proxy.ProcessRequest(HttpContext context) 位置 e:\FS-SMISCloud\codes\WebClient\SecureCloud\Proxy.ashx.cs:行号 94
记录时间:2015-04-21 14:11:52,635 线程ID:[18](文件：e:\FS-SMISCloud\codes\WebClient\SecureCloud\Proxy.ashx.cs 行号132) 出错类：Proxy [(null)] - 错误描述 webExcpetion
System.Net.WebException: 远程服务器返回错误: (500) 内部服务器错误。
   在 System.Net.HttpWebRequest.GetResponse()
   在 ProxyDemo.Proxy.ProcessRequest(HttpContext context) 位置 e:\FS-SMISCloud\codes\WebClient\SecureCloud\Proxy.ashx.cs:行号 94
记录时间:2015-04-21 14:12:23,903 线程ID:[18](文件：e:\FS-SMISCloud\codes\WebClient\SecureCloud\Proxy.ashx.cs 行号132) 出错类：Proxy [(null)] - 错误描述 webExcpetion
System.Net.WebException: 远程服务器返回错误: (500) 内部服务器错误。
   在 System.Net.HttpWebRequest.GetResponse()
   在 ProxyDemo.Proxy.ProcessRequest(HttpContext context) 位置 e:\FS-SMISCloud\codes\WebClient\SecureCloud\Proxy.ashx.cs:行号 94
记录时间:2015-04-21 14:13:08,622 线程ID:[7](文件：e:\FS-SMISCloud\codes\WebClient\SecureCloud\Proxy.ashx.cs 行号132) 出错类：Proxy [(null)] - 错误描述 webExcpetion
System.Net.WebException: 远程服务器返回错误: (500) 内部服务器错误。
   在 System.Net.HttpWebRequest.GetResponse()
   在 ProxyDemo.Proxy.ProcessRequest(HttpContext context) 位置 e:\FS-SMISCloud\codes\WebClient\SecureCloud\Proxy.ashx.cs:行号 94
记录时间:2015-04-21 14:14:21,630 线程ID:[15](文件：e:\FS-SMISCloud\codes\WebClient\SecureCloud\Proxy.ashx.cs 行号132) 出错类：Proxy [(null)] - 错误描述 webExcpetion
System.Net.WebException: 远程服务器返回错误: (500) 内部服务器错误。
   在 System.Net.HttpWebRequest.GetResponse()
   在 ProxyDemo.Proxy.ProcessRequest(HttpContext context) 位置 e:\FS-SMISCloud\codes\WebClient\SecureCloud\Proxy.ashx.cs:行号 94
记录时间:2015-04-21 14:18:26,796 线程ID:[21](文件：e:\FS-SMISCloud\codes\WebClient\SecureCloud\Proxy.ashx.cs 行号132) 出错类：Proxy [(null)] - 错误描述 webExcpetion
System.Net.WebException: 远程服务器返回错误: (500) 内部服务器错误。
   在 System.Net.HttpWebRequest.GetResponse()
   在 ProxyDemo.Proxy.ProcessRequest(HttpContext context) 位置 e:\FS-SMISCloud\codes\WebClient\SecureCloud\Proxy.ashx.cs:行号 94
记录时间:2015-04-21 14:19:33,680 线程ID:[5](文件：e:\FS-SMISCloud\codes\WebClient\SecureCloud\Proxy.ashx.cs 行号132) 出错类：Proxy [(null)] - 错误描述 webExcpetion
System.Net.WebException: 远程服务器返回错误: (500) 内部服务器错误。
   在 System.Net.HttpWebRequest.GetResponse()
   在 ProxyDemo.Proxy.ProcessRequest(HttpContext context) 位置 e:\FS-SMISCloud\codes\WebClient\SecureCloud\Proxy.ashx.cs:行号 94
记录时间:2015-04-21 14:20:05,316 线程ID:[19](文件：e:\FS-SMISCloud\codes\WebClient\SecureCloud\Proxy.ashx.cs 行号132) 出错类：Proxy [(null)] - 错误描述 webExcpetion
System.Net.WebException: 远程服务器返回错误: (500) 内部服务器错误。
   在 System.Net.HttpWebRequest.GetResponse()
   在 ProxyDemo.Proxy.ProcessRequest(HttpContext context) 位置 e:\FS-SMISCloud\codes\WebClient\SecureCloud\Proxy.ashx.cs:行号 94
记录时间:2015-04-21 14:21:40,443 线程ID:[5](文件：e:\FS-SMISCloud\codes\WebClient\SecureCloud\Proxy.ashx.cs 行号132) 出错类：Proxy [(null)] - 错误描述 webExcpetion
System.Net.WebException: 远程服务器返回错误: (500) 内部服务器错误。
   在 System.Net.HttpWebRequest.GetResponse()
   在 ProxyDemo.Proxy.ProcessRequest(HttpContext context) 位置 e:\FS-SMISCloud\codes\WebClient\SecureCloud\Proxy.ashx.cs:行号 94
记录时间:2015-04-21 14:22:54,133 线程ID:[18](文件：e:\FS-SMISCloud\codes\WebClient\SecureCloud\Proxy.ashx.cs 行号132) 出错类：Proxy [(null)] - 错误描述 webExcpetion
System.Net.WebException: 远程服务器返回错误: (500) 内部服务器错误。
   在 System.Net.HttpWebRequest.GetResponse()
   在 ProxyDemo.Proxy.ProcessRequest(HttpContext context) 位置 e:\FS-SMISCloud\codes\WebClient\SecureCloud\Proxy.ashx.cs:行号 94
记录时间:2015-04-21 14:24:52,485 线程ID:[7](文件：e:\FS-SMISCloud\codes\WebClient\SecureCloud\Proxy.ashx.cs 行号132) 出错类：Proxy [(null)] - 错误描述 webExcpetion
System.Net.WebException: 远程服务器返回错误: (404) 未找到。
   在 System.Net.HttpWebRequest.GetResponse()
   在 ProxyDemo.Proxy.ProcessRequest(HttpContext context) 位置 e:\FS-SMISCloud\codes\WebClient\SecureCloud\Proxy.ashx.cs:行号 94
记录时间:2015-04-21 14:24:52,789 线程ID:[6](文件：e:\FS-SMISCloud\codes\WebClient\SecureCloud\Proxy.ashx.cs 行号132) 出错类：Proxy [(null)] - 错误描述 webExcpetion
System.Net.WebException: 远程服务器返回错误: (500) 内部服务器错误。
   在 System.Net.HttpWebRequest.GetResponse()
   在 ProxyDemo.Proxy.ProcessRequest(HttpContext context) 位置 e:\FS-SMISCloud\codes\WebClient\SecureCloud\Proxy.ashx.cs:行号 94
记录时间:2015-04-21 14:25:31,720 线程ID:[7](文件：e:\FS-SMISCloud\codes\WebClient\SecureCloud\Proxy.ashx.cs 行号132) 出错类：Proxy [(null)] - 错误描述 webExcpetion
System.Net.WebException: 远程服务器返回错误: (404) 未找到。
   在 System.Net.HttpWebRequest.GetResponse()
   在 ProxyDemo.Proxy.ProcessRequest(HttpContext context) 位置 e:\FS-SMISCloud\codes\WebClient\SecureCloud\Proxy.ashx.cs:行号 94
记录时间:2015-04-21 14:25:31,999 线程ID:[7](文件：e:\FS-SMISCloud\codes\WebClient\SecureCloud\Proxy.ashx.cs 行号132) 出错类：Proxy [(null)] - 错误描述 webExcpetion
System.Net.WebException: 远程服务器返回错误: (500) 内部服务器错误。
   在 System.Net.HttpWebRequest.GetResponse()
   在 ProxyDemo.Proxy.ProcessRequest(HttpContext context) 位置 e:\FS-SMISCloud\codes\WebClient\SecureCloud\Proxy.ashx.cs:行号 94
记录时间:2015-04-21 14:28:36,787 线程ID:[11](文件：e:\FS-SMISCloud\codes\WebClient\SecureCloud\Proxy.ashx.cs 行号132) 出错类：Proxy [(null)] - 错误描述 webExcpetion
System.Net.WebException: 远程服务器返回错误: (404) 未找到。
   在 System.Net.HttpWebRequest.GetResponse()
   在 ProxyDemo.Proxy.ProcessRequest(HttpContext context) 位置 e:\FS-SMISCloud\codes\WebClient\SecureCloud\Proxy.ashx.cs:行号 94
记录时间:2015-04-21 14:28:37,353 线程ID:[12](文件：e:\FS-SMISCloud\codes\WebClient\SecureCloud\Proxy.ashx.cs 行号132) 出错类：Proxy [(null)] - 错误描述 webExcpetion
System.Net.WebException: 远程服务器返回错误: (500) 内部服务器错误。
   在 System.Net.HttpWebRequest.GetResponse()
   在 ProxyDemo.Proxy.ProcessRequest(HttpContext context) 位置 e:\FS-SMISCloud\codes\WebClient\SecureCloud\Proxy.ashx.cs:行号 94
记录时间:2015-04-21 14:29:41,458 线程ID:[11](文件：e:\FS-SMISCloud\codes\WebClient\SecureCloud\Proxy.ashx.cs 行号132) 出错类：Proxy [(null)] - 错误描述 webExcpetion
System.Net.WebException: 远程服务器返回错误: (404) 未找到。
   在 System.Net.HttpWebRequest.GetResponse()
   在 ProxyDemo.Proxy.ProcessRequest(HttpContext context) 位置 e:\FS-SMISCloud\codes\WebClient\SecureCloud\Proxy.ashx.cs:行号 94
记录时间:2015-04-21 14:29:42,132 线程ID:[12](文件：e:\FS-SMISCloud\codes\WebClient\SecureCloud\Proxy.ashx.cs 行号132) 出错类：Proxy [(null)] - 错误描述 webExcpetion
System.Net.WebException: 远程服务器返回错误: (500) 内部服务器错误。
   在 System.Net.HttpWebRequest.GetResponse()
   在 ProxyDemo.Proxy.ProcessRequest(HttpContext context) 位置 e:\FS-SMISCloud\codes\WebClient\SecureCloud\Proxy.ashx.cs:行号 94
记录时间:2015-04-21 14:32:56,703 线程ID:[5](文件：e:\FS-SMISCloud\codes\WebClient\SecureCloud\Proxy.ashx.cs 行号132) 出错类：Proxy [(null)] - 错误描述 webExcpetion
System.Net.WebException: 远程服务器返回错误: (500) 内部服务器错误。
   在 System.Net.HttpWebRequest.GetResponse()
   在 ProxyDemo.Proxy.ProcessRequest(HttpContext context) 位置 e:\FS-SMISCloud\codes\WebClient\SecureCloud\Proxy.ashx.cs:行号 94
记录时间:2015-04-21 14:34:14,467 线程ID:[6](文件：e:\FS-SMISCloud\codes\WebClient\SecureCloud\Proxy.ashx.cs 行号132) 出错类：Proxy [(null)] - 错误描述 webExcpetion
System.Net.WebException: 远程服务器返回错误: (500) 内部服务器错误。
   在 System.Net.HttpWebRequest.GetResponse()
   在 ProxyDemo.Proxy.ProcessRequest(HttpContext context) 位置 e:\FS-SMISCloud\codes\WebClient\SecureCloud\Proxy.ashx.cs:行号 94
记录时间:2015-04-21 14:34:38,718 线程ID:[16](文件：e:\FS-SMISCloud\codes\WebClient\SecureCloud\Proxy.ashx.cs 行号132) 出错类：Proxy [(null)] - 错误描述 webExcpetion
System.Net.WebException: 远程服务器返回错误: (500) 内部服务器错误。
   在 System.Net.HttpWebRequest.GetResponse()
   在 ProxyDemo.Proxy.ProcessRequest(HttpContext context) 位置 e:\FS-SMISCloud\codes\WebClient\SecureCloud\Proxy.ashx.cs:行号 94
记录时间:2015-04-21 14:37:53,460 线程ID:[10](文件：e:\FS-SMISCloud\codes\WebClient\SecureCloud\Proxy.ashx.cs 行号132) 出错类：Proxy [(null)] - 错误描述 webExcpetion
System.Net.WebException: 远程服务器返回错误: (500) 内部服务器错误。
   在 System.Net.HttpWebRequest.GetResponse()
   在 ProxyDemo.Proxy.ProcessRequest(HttpContext context) 位置 e:\FS-SMISCloud\codes\WebClient\SecureCloud\Proxy.ashx.cs:行号 94
记录时间:2015-04-21 14:39:07,761 线程ID:[26](文件：e:\FS-SMISCloud\codes\WebClient\SecureCloud\Proxy.ashx.cs 行号132) 出错类：Proxy [(null)] - 错误描述 webExcpetion
System.Net.WebException: 远程服务器返回错误: (500) 内部服务器错误。
   在 System.Net.HttpWebRequest.GetResponse()
   在 ProxyDemo.Proxy.ProcessRequest(HttpContext context) 位置 e:\FS-SMISCloud\codes\WebClient\SecureCloud\Proxy.ashx.cs:行号 94
记录时间:2015-04-21 14:40:24,860 线程ID:[13](文件：e:\FS-SMISCloud\codes\WebClient\SecureCloud\Proxy.ashx.cs 行号132) 出错类：Proxy [(null)] - 错误描述 webExcpetion
System.Net.WebException: 远程服务器返回错误: (500) 内部服务器错误。
   在 System.Net.HttpWebRequest.GetResponse()
   在 ProxyDemo.Proxy.ProcessRequest(HttpContext context) 位置 e:\FS-SMISCloud\codes\WebClient\SecureCloud\Proxy.ashx.cs:行号 94
记录时间:2015-04-21 14:41:40,682 线程ID:[24](文件：e:\FS-SMISCloud\codes\WebClient\SecureCloud\Proxy.ashx.cs 行号132) 出错类：Proxy [(null)] - 错误描述 webExcpetion
System.Net.WebException: 远程服务器返回错误: (500) 内部服务器错误。
   在 System.Net.HttpWebRequest.GetResponse()
   在 ProxyDemo.Proxy.ProcessRequest(HttpContext context) 位置 e:\FS-SMISCloud\codes\WebClient\SecureCloud\Proxy.ashx.cs:行号 94
记录时间:2015-04-21 14:41:40,815 线程ID:[13](文件：e:\FS-SMISCloud\codes\WebClient\SecureCloud\Proxy.ashx.cs 行号132) 出错类：Proxy [(null)] - 错误描述 webExcpetion
System.Net.WebException: 远程服务器返回错误: (404) 未找到。
   在 System.Net.HttpWebRequest.GetResponse()
   在 ProxyDemo.Proxy.ProcessRequest(HttpContext context) 位置 e:\FS-SMISCloud\codes\WebClient\SecureCloud\Proxy.ashx.cs:行号 94
记录时间:2015-04-21 14:42:57,536 线程ID:[20](文件：e:\FS-SMISCloud\codes\WebClient\SecureCloud\Proxy.ashx.cs 行号132) 出错类：Proxy [(null)] - 错误描述 webExcpetion
System.Net.WebException: 远程服务器返回错误: (404) 未找到。
   在 System.Net.HttpWebRequest.GetResponse()
   在 ProxyDemo.Proxy.ProcessRequest(HttpContext context) 位置 e:\FS-SMISCloud\codes\WebClient\SecureCloud\Proxy.ashx.cs:行号 94
记录时间:2015-04-21 14:42:58,461 线程ID:[20](文件：e:\FS-SMISCloud\codes\WebClient\SecureCloud\Proxy.ashx.cs 行号132) 出错类：Proxy [(null)] - 错误描述 webExcpetion
System.Net.WebException: 远程服务器返回错误: (500) 内部服务器错误。
   在 System.Net.HttpWebRequest.GetResponse()
   在 ProxyDemo.Proxy.ProcessRequest(HttpContext context) 位置 e:\FS-SMISCloud\codes\WebClient\SecureCloud\Proxy.ashx.cs:行号 94
记录时间:2015-04-21 14:43:49,440 线程ID:[9](文件：e:\FS-SMISCloud\codes\WebClient\SecureCloud\Proxy.ashx.cs 行号132) 出错类：Proxy [(null)] - 错误描述 webExcpetion
System.Net.WebException: 远程服务器返回错误: (500) 内部服务器错误。
   在 System.Net.HttpWebRequest.GetResponse()
   在 ProxyDemo.Proxy.ProcessRequest(HttpContext context) 位置 e:\FS-SMISCloud\codes\WebClient\SecureCloud\Proxy.ashx.cs:行号 94
记录时间:2015-04-21 14:44:50,539 线程ID:[8](文件：e:\FS-SMISCloud\codes\WebClient\SecureCloud\Proxy.ashx.cs 行号132) 出错类：Proxy [(null)] - 错误描述 webExcpetion
System.Net.WebException: 远程服务器返回错误: (500) 内部服务器错误。
   在 System.Net.HttpWebRequest.GetResponse()
   在 ProxyDemo.Proxy.ProcessRequest(HttpContext context) 位置 e:\FS-SMISCloud\codes\WebClient\SecureCloud\Proxy.ashx.cs:行号 94
记录时间:2015-04-21 14:45:55,938 线程ID:[7](文件：e:\FS-SMISCloud\codes\WebClient\SecureCloud\Proxy.ashx.cs 行号132) 出错类：Proxy [(null)] - 错误描述 webExcpetion
System.Net.WebException: 远程服务器返回错误: (500) 内部服务器错误。
   在 System.Net.HttpWebRequest.GetResponse()
   在 ProxyDemo.Proxy.ProcessRequest(HttpContext context) 位置 e:\FS-SMISCloud\codes\WebClient\SecureCloud\Proxy.ashx.cs:行号 94
记录时间:2015-04-21 14:46:22,477 线程ID:[6](文件：e:\FS-SMISCloud\codes\WebClient\SecureCloud\Proxy.ashx.cs 行号132) 出错类：Proxy [(null)] - 错误描述 webExcpetion
System.Net.WebException: 远程服务器返回错误: (500) 内部服务器错误。
   在 System.Net.HttpWebRequest.GetResponse()
   在 ProxyDemo.Proxy.ProcessRequest(HttpContext context) 位置 e:\FS-SMISCloud\codes\WebClient\SecureCloud\Proxy.ashx.cs:行号 94
记录时间:2015-04-21 14:46:42,590 线程ID:[7](文件：e:\FS-SMISCloud\codes\WebClient\SecureCloud\Proxy.ashx.cs 行号132) 出错类：Proxy [(null)] - 错误描述 webExcpetion
System.Net.WebException: 远程服务器返回错误: (500) 内部服务器错误。
   在 System.Net.HttpWebRequest.GetResponse()
   在 ProxyDemo.Proxy.ProcessRequest(HttpContext context) 位置 e:\FS-SMISCloud\codes\WebClient\SecureCloud\Proxy.ashx.cs:行号 94
记录时间:2015-04-21 14:47:00,699 线程ID:[34](文件：e:\FS-SMISCloud\codes\WebClient\SecureCloud\Proxy.ashx.cs 行号132) 出错类：Proxy [(null)] - 错误描述 webExcpetion
System.Net.WebException: 远程服务器返回错误: (500) 内部服务器错误。
   在 System.Net.HttpWebRequest.GetResponse()
   在 ProxyDemo.Proxy.ProcessRequest(HttpContext context) 位置 e:\FS-SMISCloud\codes\WebClient\SecureCloud\Proxy.ashx.cs:行号 94
记录时间:2015-04-21 14:47:18,892 线程ID:[8](文件：e:\FS-SMISCloud\codes\WebClient\SecureCloud\Proxy.ashx.cs 行号132) 出错类：Proxy [(null)] - 错误描述 webExcpetion
System.Net.WebException: 远程服务器返回错误: (500) 内部服务器错误。
   在 System.Net.HttpWebRequest.GetResponse()
   在 ProxyDemo.Proxy.ProcessRequest(HttpContext context) 位置 e:\FS-SMISCloud\codes\WebClient\SecureCloud\Proxy.ashx.cs:行号 94
记录时间:2015-04-21 14:47:47,170 线程ID:[19](文件：e:\FS-SMISCloud\codes\WebClient\SecureCloud\Proxy.ashx.cs 行号132) 出错类：Proxy [(null)] - 错误描述 webExcpetion
System.Net.WebException: 远程服务器返回错误: (500) 内部服务器错误。
   在 System.Net.HttpWebRequest.GetResponse()
   在 ProxyDemo.Proxy.ProcessRequest(HttpContext context) 位置 e:\FS-SMISCloud\codes\WebClient\SecureCloud\Proxy.ashx.cs:行号 94
记录时间:2015-04-21 14:49:46,533 线程ID:[19](文件：e:\FS-SMISCloud\codes\WebClient\SecureCloud\Proxy.ashx.cs 行号132) 出错类：Proxy [(null)] - 错误描述 webExcpetion
System.Net.WebException: 远程服务器返回错误: (500) 内部服务器错误。
   在 System.Net.HttpWebRequest.GetResponse()
   在 ProxyDemo.Proxy.ProcessRequest(HttpContext context) 位置 e:\FS-SMISCloud\codes\WebClient\SecureCloud\Proxy.ashx.cs:行号 94
记录时间:2015-04-21 14:50:22,242 线程ID:[22](文件：e:\FS-SMISCloud\codes\WebClient\SecureCloud\Proxy.ashx.cs 行号132) 出错类：Proxy [(null)] - 错误描述 webExcpetion
System.Net.WebException: 远程服务器返回错误: (500) 内部服务器错误。
   在 System.Net.HttpWebRequest.GetResponse()
   在 ProxyDemo.Proxy.ProcessRequest(HttpContext context) 位置 e:\FS-SMISCloud\codes\WebClient\SecureCloud\Proxy.ashx.cs:行号 94
记录时间:2015-04-21 14:55:31,392 线程ID:[16](文件：e:\FS-SMISCloud\codes\WebClient\SecureCloud\Proxy.ashx.cs 行号132) 出错类：Proxy [(null)] - 错误描述 webExcpetion
System.Net.WebException: 远程服务器返回错误: (500) 内部服务器错误。
   在 System.Net.HttpWebRequest.GetResponse()
   在 ProxyDemo.Proxy.ProcessRequest(HttpContext context) 位置 e:\FS-SMISCloud\codes\WebClient\SecureCloud\Proxy.ashx.cs:行号 94
记录时间:2015-04-21 14:56:27,674 线程ID:[33](文件：e:\FS-SMISCloud\codes\WebClient\SecureCloud\Proxy.ashx.cs 行号132) 出错类：Proxy [(null)] - 错误描述 webExcpetion
System.Net.WebException: 远程服务器返回错误: (500) 内部服务器错误。
   在 System.Net.HttpWebRequest.GetResponse()
   在 ProxyDemo.Proxy.ProcessRequest(HttpContext context) 位置 e:\FS-SMISCloud\codes\WebClient\SecureCloud\Proxy.ashx.cs:行号 94
记录时间:2015-04-21 14:59:18,372 线程ID:[13](文件：e:\FS-SMISCloud\codes\WebClient\SecureCloud\Proxy.ashx.cs 行号132) 出错类：Proxy [(null)] - 错误描述 webExcpetion
System.Net.WebException: 远程服务器返回错误: (500) 内部服务器错误。
   在 System.Net.HttpWebRequest.GetResponse()
   在 ProxyDemo.Proxy.ProcessRequest(HttpContext context) 位置 e:\FS-SMISCloud\codes\WebClient\SecureCloud\Proxy.ashx.cs:行号 94
记录时间:2015-04-21 16:14:53,852 线程ID:[108](文件：e:\FS-SMISCloud\codes\WebClient\SecureCloud\Proxy.ashx.cs 行号132) 出错类：Proxy [(null)] - 错误描述 webExcpetion
System.Net.WebException: 远程服务器返回错误: (403) 已禁止。
   在 System.Net.HttpWebRequest.GetResponse()
   在 ProxyDemo.Proxy.ProcessRequest(HttpContext context) 位置 e:\FS-SMISCloud\codes\WebClient\SecureCloud\Proxy.ashx.cs:行号 94
记录时间:2015-04-21 16:15:12,637 线程ID:[93](文件：e:\FS-SMISCloud\codes\WebClient\SecureCloud\Proxy.ashx.cs 行号132) 出错类：Proxy [(null)] - 错误描述 webExcpetion
System.Net.WebException: 远程服务器返回错误: (500) 内部服务器错误。
   在 System.Net.HttpWebRequest.GetResponse()
   在 ProxyDemo.Proxy.ProcessRequest(HttpContext context) 位置 e:\FS-SMISCloud\codes\WebClient\SecureCloud\Proxy.ashx.cs:行号 94
记录时间:2015-04-21 16:50:39,325 线程ID:[6](文件：e:\FS-SMISCloud\codes\WebClient\SecureCloud\Proxy.ashx.cs 行号132) 出错类：Proxy [(null)] - 错误描述 webExcpetion
System.Net.WebException: 远程服务器返回错误: (403) 已禁止。
   在 System.Net.HttpWebRequest.GetResponse()
   在 ProxyDemo.Proxy.ProcessRequest(HttpContext context) 位置 e:\FS-SMISCloud\codes\WebClient\SecureCloud\Proxy.ashx.cs:行号 94
记录时间:2015-04-21 16:51:07,031 线程ID:[10](文件：e:\FS-SMISCloud\codes\WebClient\SecureCloud\Proxy.ashx.cs 行号132) 出错类：Proxy [(null)] - 错误描述 webExcpetion
System.Net.WebException: 远程服务器返回错误: (500) 内部服务器错误。
   在 System.Net.HttpWebRequest.GetResponse()
   在 ProxyDemo.Proxy.ProcessRequest(HttpContext context) 位置 e:\FS-SMISCloud\codes\WebClient\SecureCloud\Proxy.ashx.cs:行号 94
记录时间:2015-04-21 16:52:13,499 线程ID:[12](文件：e:\FS-SMISCloud\codes\WebClient\SecureCloud\Proxy.ashx.cs 行号132) 出错类：Proxy [(null)] - 错误描述 webExcpetion
System.Net.WebException: 远程服务器返回错误: (500) 内部服务器错误。
   在 System.Net.HttpWebRequest.GetResponse()
   在 ProxyDemo.Proxy.ProcessRequest(HttpContext context) 位置 e:\FS-SMISCloud\codes\WebClient\SecureCloud\Proxy.ashx.cs:行号 94
记录时间:2015-04-21 16:53:59,145 线程ID:[17](文件：e:\FS-SMISCloud\codes\WebClient\SecureCloud\Proxy.ashx.cs 行号132) 出错类：Proxy [(null)] - 错误描述 webExcpetion
System.Net.WebException: 远程服务器返回错误: (500) 内部服务器错误。
   在 System.Net.HttpWebRequest.GetResponse()
   在 ProxyDemo.Proxy.ProcessRequest(HttpContext context) 位置 e:\FS-SMISCloud\codes\WebClient\SecureCloud\Proxy.ashx.cs:行号 94
记录时间:2015-04-21 16:55:05,230 线程ID:[10](文件：e:\FS-SMISCloud\codes\WebClient\SecureCloud\Proxy.ashx.cs 行号132) 出错类：Proxy [(null)] - 错误描述 webExcpetion
System.Net.WebException: 远程服务器返回错误: (500) 内部服务器错误。
   在 System.Net.HttpWebRequest.GetResponse()
   在 ProxyDemo.Proxy.ProcessRequest(HttpContext context) 位置 e:\FS-SMISCloud\codes\WebClient\SecureCloud\Proxy.ashx.cs:行号 94
记录时间:2015-04-21 16:55:29,777 线程ID:[20](文件：e:\FS-SMISCloud\codes\WebClient\SecureCloud\Proxy.ashx.cs 行号132) 出错类：Proxy [(null)] - 错误描述 webExcpetion
System.Net.WebException: 远程服务器返回错误: (500) 内部服务器错误。
   在 System.Net.HttpWebRequest.GetResponse()
   在 ProxyDemo.Proxy.ProcessRequest(HttpContext context) 位置 e:\FS-SMISCloud\codes\WebClient\SecureCloud\Proxy.ashx.cs:行号 94
记录时间:2015-04-21 16:56:07,471 线程ID:[21](文件：e:\FS-SMISCloud\codes\WebClient\SecureCloud\Proxy.ashx.cs 行号132) 出错类：Proxy [(null)] - 错误描述 webExcpetion
System.Net.WebException: 远程服务器返回错误: (500) 内部服务器错误。
   在 System.Net.HttpWebRequest.GetResponse()
   在 ProxyDemo.Proxy.ProcessRequest(HttpContext context) 位置 e:\FS-SMISCloud\codes\WebClient\SecureCloud\Proxy.ashx.cs:行号 94
记录时间:2015-04-21 16:56:33,113 线程ID:[19](文件：e:\FS-SMISCloud\codes\WebClient\SecureCloud\Proxy.ashx.cs 行号132) 出错类：Proxy [(null)] - 错误描述 webExcpetion
System.Net.WebException: 远程服务器返回错误: (500) 内部服务器错误。
   在 System.Net.HttpWebRequest.GetResponse()
   在 ProxyDemo.Proxy.ProcessRequest(HttpContext context) 位置 e:\FS-SMISCloud\codes\WebClient\SecureCloud\Proxy.ashx.cs:行号 94
记录时间:2015-04-21 16:56:59,070 线程ID:[17](文件：e:\FS-SMISCloud\codes\WebClient\SecureCloud\Proxy.ashx.cs 行号132) 出错类：Proxy [(null)] - 错误描述 webExcpetion
System.Net.WebException: 远程服务器返回错误: (500) 内部服务器错误。
   在 System.Net.HttpWebRequest.GetResponse()
   在 ProxyDemo.Proxy.ProcessRequest(HttpContext context) 位置 e:\FS-SMISCloud\codes\WebClient\SecureCloud\Proxy.ashx.cs:行号 94
记录时间:2015-04-21 16:58:06,147 线程ID:[27](文件：e:\FS-SMISCloud\codes\WebClient\SecureCloud\Proxy.ashx.cs 行号132) 出错类：Proxy [(null)] - 错误描述 webExcpetion
System.Net.WebException: 远程服务器返回错误: (500) 内部服务器错误。
   在 System.Net.HttpWebRequest.GetResponse()
   在 ProxyDemo.Proxy.ProcessRequest(HttpContext context) 位置 e:\FS-SMISCloud\codes\WebClient\SecureCloud\Proxy.ashx.cs:行号 94
记录时间:2015-04-21 16:59:42,557 线程ID:[32](文件：e:\FS-SMISCloud\codes\WebClient\SecureCloud\Proxy.ashx.cs 行号132) 出错类：Proxy [(null)] - 错误描述 webExcpetion
System.Net.WebException: 远程服务器返回错误: (500) 内部服务器错误。
   在 System.Net.HttpWebRequest.GetResponse()
   在 ProxyDemo.Proxy.ProcessRequest(HttpContext context) 位置 e:\FS-SMISCloud\codes\WebClient\SecureCloud\Proxy.ashx.cs:行号 94
记录时间:2015-04-21 17:07:17,347 线程ID:[20](文件：e:\FS-SMISCloud\codes\WebClient\SecureCloud\Proxy.ashx.cs 行号132) 出错类：Proxy [(null)] - 错误描述 webExcpetion
System.Net.WebException: 远程服务器返回错误: (500) 内部服务器错误。
   在 System.Net.HttpWebRequest.GetResponse()
   在 ProxyDemo.Proxy.ProcessRequest(HttpContext context) 位置 e:\FS-SMISCloud\codes\WebClient\SecureCloud\Proxy.ashx.cs:行号 94
记录时间:2015-04-21 17:12:29,749 线程ID:[53](文件：e:\FS-SMISCloud\codes\WebClient\SecureCloud\Proxy.ashx.cs 行号132) 出错类：Proxy [(null)] - 错误描述 webExcpetion
System.Net.WebException: 远程服务器返回错误: (500) 内部服务器错误。
   在 System.Net.HttpWebRequest.GetResponse()
   在 ProxyDemo.Proxy.ProcessRequest(HttpContext context) 位置 e:\FS-SMISCloud\codes\WebClient\SecureCloud\Proxy.ashx.cs:行号 94
记录时间:2015-04-21 17:13:39,166 线程ID:[46](文件：e:\FS-SMISCloud\codes\WebClient\SecureCloud\Proxy.ashx.cs 行号132) 出错类：Proxy [(null)] - 错误描述 webExcpetion
System.Net.WebException: 远程服务器返回错误: (500) 内部服务器错误。
   在 System.Net.HttpWebRequest.GetResponse()
   在 ProxyDemo.Proxy.ProcessRequest(HttpContext context) 位置 e:\FS-SMISCloud\codes\WebClient\SecureCloud\Proxy.ashx.cs:行号 94
记录时间:2015-04-21 17:15:21,060 线程ID:[43](文件：e:\FS-SMISCloud\codes\WebClient\SecureCloud\Proxy.ashx.cs 行号132) 出错类：Proxy [(null)] - 错误描述 webExcpetion
System.Net.WebException: 远程服务器返回错误: (500) 内部服务器错误。
   在 System.Net.HttpWebRequest.GetResponse()
   在 ProxyDemo.Proxy.ProcessRequest(HttpContext context) 位置 e:\FS-SMISCloud\codes\WebClient\SecureCloud\Proxy.ashx.cs:行号 94
记录时间:2015-04-21 17:22:27,056 线程ID:[12](文件：e:\FS-SMISCloud\codes\WebClient\SecureCloud\Proxy.ashx.cs 行号132) 出错类：Proxy [(null)] - 错误描述 webExcpetion
System.Net.WebException: 远程服务器返回错误: (500) 内部服务器错误。
   在 System.Net.HttpWebRequest.GetResponse()
   在 ProxyDemo.Proxy.ProcessRequest(HttpContext context) 位置 e:\FS-SMISCloud\codes\WebClient\SecureCloud\Proxy.ashx.cs:行号 94
记录时间:2015-04-21 17:24:31,785 线程ID:[12](文件：e:\FS-SMISCloud\codes\WebClient\SecureCloud\Proxy.ashx.cs 行号132) 出错类：Proxy [(null)] - 错误描述 webExcpetion
System.Net.WebException: 远程服务器返回错误: (500) 内部服务器错误。
   在 System.Net.HttpWebRequest.GetResponse()
   在 ProxyDemo.Proxy.ProcessRequest(HttpContext context) 位置 e:\FS-SMISCloud\codes\WebClient\SecureCloud\Proxy.ashx.cs:行号 94
记录时间:2015-04-21 17:28:16,060 线程ID:[40](文件：e:\FS-SMISCloud\codes\WebClient\SecureCloud\Proxy.ashx.cs 行号132) 出错类：Proxy [(null)] - 错误描述 webExcpetion
System.Net.WebException: 远程服务器返回错误: (500) 内部服务器错误。
   在 System.Net.HttpWebRequest.GetResponse()
   在 ProxyDemo.Proxy.ProcessRequest(HttpContext context) 位置 e:\FS-SMISCloud\codes\WebClient\SecureCloud\Proxy.ashx.cs:行号 94
记录时间:2015-04-21 17:31:32,185 线程ID:[21](文件：e:\FS-SMISCloud\codes\WebClient\SecureCloud\Proxy.ashx.cs 行号132) 出错类：Proxy [(null)] - 错误描述 webExcpetion
System.Net.WebException: 远程服务器返回错误: (500) 内部服务器错误。
   在 System.Net.HttpWebRequest.GetResponse()
   在 ProxyDemo.Proxy.ProcessRequest(HttpContext context) 位置 e:\FS-SMISCloud\codes\WebClient\SecureCloud\Proxy.ashx.cs:行号 94
记录时间:2015-04-21 17:31:45,603 线程ID:[10](文件：e:\FS-SMISCloud\codes\WebClient\SecureCloud\Proxy.ashx.cs 行号132) 出错类：Proxy [(null)] - 错误描述 webExcpetion
System.Net.WebException: 远程服务器返回错误: (500) 内部服务器错误。
   在 System.Net.HttpWebRequest.GetResponse()
   在 ProxyDemo.Proxy.ProcessRequest(HttpContext context) 位置 e:\FS-SMISCloud\codes\WebClient\SecureCloud\Proxy.ashx.cs:行号 94
记录时间:2015-04-21 17:33:44,710 线程ID:[21](文件：e:\FS-SMISCloud\codes\WebClient\SecureCloud\Proxy.ashx.cs 行号132) 出错类：Proxy [(null)] - 错误描述 webExcpetion
System.Net.WebException: 远程服务器返回错误: (500) 内部服务器错误。
   在 System.Net.HttpWebRequest.GetResponse()
   在 ProxyDemo.Proxy.ProcessRequest(HttpContext context) 位置 e:\FS-SMISCloud\codes\WebClient\SecureCloud\Proxy.ashx.cs:行号 94
记录时间:2015-04-21 17:34:10,814 线程ID:[44](文件：e:\FS-SMISCloud\codes\WebClient\SecureCloud\Proxy.ashx.cs 行号132) 出错类：Proxy [(null)] - 错误描述 webExcpetion
System.Net.WebException: 远程服务器返回错误: (500) 内部服务器错误。
   在 System.Net.HttpWebRequest.GetResponse()
   在 ProxyDemo.Proxy.ProcessRequest(HttpContext context) 位置 e:\FS-SMISCloud\codes\WebClient\SecureCloud\Proxy.ashx.cs:行号 94
记录时间:2015-04-21 17:34:56,139 线程ID:[46](文件：e:\FS-SMISCloud\codes\WebClient\SecureCloud\Proxy.ashx.cs 行号132) 出错类：Proxy [(null)] - 错误描述 webExcpetion
System.Net.WebException: 远程服务器返回错误: (500) 内部服务器错误。
   在 System.Net.HttpWebRequest.GetResponse()
   在 ProxyDemo.Proxy.ProcessRequest(HttpContext context) 位置 e:\FS-SMISCloud\codes\WebClient\SecureCloud\Proxy.ashx.cs:行号 94
记录时间:2015-04-21 17:38:31,081 线程ID:[14](文件：e:\FS-SMISCloud\codes\WebClient\SecureCloud\Proxy.ashx.cs 行号132) 出错类：Proxy [(null)] - 错误描述 webExcpetion
System.Net.WebException: 远程服务器返回错误: (500) 内部服务器错误。
   在 System.Net.HttpWebRequest.GetResponse()
   在 ProxyDemo.Proxy.ProcessRequest(HttpContext context) 位置 e:\FS-SMISCloud\codes\WebClient\SecureCloud\Proxy.ashx.cs:行号 94
记录时间:2015-04-21 17:39:22,725 线程ID:[40](文件：e:\FS-SMISCloud\codes\WebClient\SecureCloud\Proxy.ashx.cs 行号132) 出错类：Proxy [(null)] - 错误描述 webExcpetion
System.Net.WebException: 远程服务器返回错误: (500) 内部服务器错误。
   在 System.Net.HttpWebRequest.GetResponse()
   在 ProxyDemo.Proxy.ProcessRequest(HttpContext context) 位置 e:\FS-SMISCloud\codes\WebClient\SecureCloud\Proxy.ashx.cs:行号 94
